TN:
SF:src\components\Body.js
FN:9,(anonymous_0)
FN:22,(anonymous_1)
FN:26,(anonymous_2)
FN:55,(anonymous_3)
FN:60,(anonymous_4)
FN:61,(anonymous_5)
FN:73,(anonymous_6)
FN:75,(anonymous_7)
FN:88,(anonymous_8)
FN:93,(anonymous_9)
FNF:10
FNH:4
FNDA:2,(anonymous_0)
FNDA:1,(anonymous_1)
FNDA:1,(anonymous_2)
FNDA:0,(anonymous_3)
FNDA:0,(anonymous_4)
FNDA:0,(anonymous_5)
FNDA:0,(anonymous_6)
FNDA:0,(anonymous_7)
FNDA:0,(anonymous_8)
FNDA:9,(anonymous_9)
DA:9,1
DA:12,2
DA:14,2
DA:18,2
DA:20,2
DA:22,2
DA:23,1
DA:26,2
DA:27,1
DA:29,1
DA:33,1
DA:34,1
DA:37,2
DA:39,2
DA:40,0
DA:46,2
DA:48,2
DA:56,0
DA:61,0
DA:62,0
DA:64,0
DA:74,0
DA:75,0
DA:77,0
DA:88,0
DA:94,9
LF:26
LH:17
BRDA:39,0,0,0
BRDA:39,0,1,2
BRDA:48,1,0,1
BRDA:48,1,1,1
BRDA:96,2,0,5
BRDA:96,2,1,4
BRF:6
BRH:5
end_of_record
TN:
SF:src\components\Contact.js
FN:1,(anonymous_0)
FNF:1
FNH:1
FNDA:3,(anonymous_0)
DA:1,1
DA:2,3
LF:2
LH:2
BRF:0
BRH:0
end_of_record
TN:
SF:src\components\Header.js
FN:8,(anonymous_0)
FN:16,(anonymous_1)
FN:44,(anonymous_2)
FNF:3
FNH:3
FNDA:5,(anonymous_0)
FNDA:9,(anonymous_1)
FNDA:1,(anonymous_2)
DA:8,1
DA:10,5
DA:12,5
DA:14,5
DA:16,9
DA:18,5
DA:45,1
LF:7
LH:7
BRDA:25,0,0,5
BRDA:25,0,1,0
BRDA:45,1,0,1
BRDA:45,1,1,0
BRF:4
BRH:2
end_of_record
TN:
SF:src\components\RestuarentCard.js
FN:5,(anonymous_0)
FN:37,(anonymous_1)
FN:38,(anonymous_2)
FNF:3
FNH:3
FNDA:10,(anonymous_0)
FNDA:2,(anonymous_1)
FNDA:5,(anonymous_2)
DA:5,2
DA:6,10
DA:8,10
DA:18,10
DA:19,10
DA:37,2
DA:38,2
DA:39,5
LF:8
LH:8
BRF:0
BRH:0
end_of_record
TN:
SF:src\utils\appStore.js
FNF:0
FNH:0
DA:4,1
LF:1
LH:1
BRF:0
BRH:0
end_of_record
